[debug] [2023-10-27T07:14:21.401Z] ----------------------------------------------------------------------
[debug] [2023-10-27T07:14:21.404Z] Command:       C:\Program Files\nodejs\node.exe C:\Users\neera\AppData\Roaming\npm\node_modules\firebase-tools\lib\bin\firebase.js init
[debug] [2023-10-27T07:14:21.404Z] CLI Version:   12.7.0
[debug] [2023-10-27T07:14:21.404Z] Platform:      win32
[debug] [2023-10-27T07:14:21.404Z] Node Version:  v20.7.0
[debug] [2023-10-27T07:14:21.404Z] Time:          Fri Oct 27 2023 12:44:21 GMT+0530 (India Standard Time)
[debug] [2023-10-27T07:14:21.404Z] ----------------------------------------------------------------------
[debug] 
[debug] [2023-10-27T07:14:21.459Z] > command requires scopes: ["email","openid","https://www.googleapis.com/auth/cloudplatformprojects.readonly","https://www.googleapis.com/auth/firebase","https://www.googleapis.com/auth/cloud-platform"]
[debug] [2023-10-27T07:14:21.459Z] > authorizing via signed-in user (neerajits4u@gmail.com)
[info] 
     ######## #### ########  ######## ########     ###     ######  ########
     ##        ##  ##     ## ##       ##     ##  ##   ##  ##       ##
     ######    ##  ########  ######   ########  #########  ######  ######
     ##        ##  ##    ##  ##       ##     ## ##     ##       ## ##
     ##       #### ##     ## ######## ########  ##     ##  ######  ########

You're about to initialize a Firebase project in this directory:

  D:\New folder\blogfirebase

Before we get started, keep in mind:

  * You are initializing within an existing Firebase project directory

